<?xml version="1.0" encoding="UTF-8"?>
<testsuite name="org.iut.GestionPersonnelTest" tests="8" skipped="0" failures="0" errors="0" timestamp="2025-11-03T15:19:40.266Z" hostname="MacBook-Pro-de-Dorian.local" time="0.024">
  <properties/>
  <testcase name="testCalculSalaireDeveloppeur()" classname="org.iut.GestionPersonnelTest" time="0.013"/>
  <testcase name="testAjoutEmploye()" classname="org.iut.GestionPersonnelTest" time="0.0"/>
  <testcase name="testAvancementEmploye()" classname="org.iut.GestionPersonnelTest" time="0.001"/>
  <testcase name="testGetEmployesParDivision()" classname="org.iut.GestionPersonnelTest" time="0.001"/>
  <testcase name="testLogsGeneres()" classname="org.iut.GestionPersonnelTest" time="0.003"/>
  <testcase name="testCalculBonusAnnuel()" classname="org.iut.GestionPersonnelTest" time="0.0"/>
  <testcase name="testCalculSalaireChefDeProjet()" classname="org.iut.GestionPersonnelTest" time="0.001"/>
  <testcase name="testCalculSalaireStagiaire()" classname="org.iut.GestionPersonnelTest" time="0.001"/>
  <system-out><![CDATA[Employé promu avec succès!
=== RAPPORT: SALAIRE ===
Alice: 69000.0 €
Charlie: 12000.0 €
]]></system-out>
  <system-err><![CDATA[]]></system-err>
</testsuite>
